mode: set
tukangku/features/jobs/services/service.go:13.42,17.2 1 1
tukangku/features/jobs/services/service.go:19.69,20.30 1 1
tukangku/features/jobs/services/service.go:20.30,24.3 1 1
tukangku/features/jobs/services/service.go:25.2,27.16 2 1
tukangku/features/jobs/services/service.go:27.16,28.55 1 1
tukangku/features/jobs/services/service.go:28.55,30.4 1 1
tukangku/features/jobs/services/service.go:32.3,32.26 1 1
tukangku/features/jobs/services/service.go:34.2,34.20 1 1
tukangku/features/jobs/services/service.go:37.119,38.18 1 1
tukangku/features/jobs/services/service.go:38.18,40.17 2 1
tukangku/features/jobs/services/service.go:40.17,42.4 1 1
tukangku/features/jobs/services/service.go:43.3,43.28 1 1
tukangku/features/jobs/services/service.go:46.2,47.16 2 1
tukangku/features/jobs/services/service.go:47.16,49.3 1 1
tukangku/features/jobs/services/service.go:50.2,50.27 1 1
tukangku/features/jobs/services/service.go:53.75,54.22 1 1
tukangku/features/jobs/services/service.go:54.22,55.23 1 1
tukangku/features/jobs/services/service.go:55.23,57.4 1 1
tukangku/features/jobs/services/service.go:59.2,60.16 2 1
tukangku/features/jobs/services/service.go:60.16,62.3 1 1
tukangku/features/jobs/services/service.go:64.2,64.20 1 1
tukangku/features/jobs/services/service.go:67.71,70.16 2 1
tukangku/features/jobs/services/service.go:70.16,72.3 1 1
tukangku/features/jobs/services/service.go:73.2,73.20 1 1
